2025-04-07 21:00:17:INFO:Start running resnet18...
2025-04-07 21:00:17:INFO:Namespace(modelName='resnet18', datasetName='amigos', num_workers=0, model_save_dir='results/checkpoint', res_save_dir='results/results/', data_path='/home/young/DL/ECG_sentiment_benchmark/data/', loading_type='inter_patient', seed=2222, device='cuda:0')
2025-04-07 21:00:23:INFO:The model has 3.846M trainable parameters
2025-04-07 21:02:01:INFO:Start running resnet18...
2025-04-07 21:02:01:INFO:Namespace(modelName='resnet18', datasetName='amigos', num_workers=0, model_save_dir='results/checkpoint', res_save_dir='results/results/', data_path='/home/young/DL/ECG_sentiment_benchmark/data/', loading_type='inter_patient', seed=2222, device='cuda:0')
2025-04-07 21:02:07:INFO:The model has 3.846M trainable parameters
2025-04-07 21:02:51:INFO:Start running resnet18...
2025-04-07 21:02:51:INFO:Namespace(modelName='resnet18', datasetName='amigos', num_workers=0, model_save_dir='results/checkpoint', res_save_dir='results/results/', data_path='/home/young/DL/ECG_sentiment_benchmark/data/', loading_type='inter_patient', seed=1111, device='cuda:0')
2025-04-07 21:02:57:INFO:The model has 3.846M trainable parameters
2025-04-07 21:04:37:INFO:Start running resnet18...
2025-04-07 21:04:37:INFO:Namespace(modelName='resnet18', datasetName='amigos', num_workers=0, model_save_dir='results/checkpoint', res_save_dir='results/results/', data_path='/home/young/DL/ECG_sentiment_benchmark/data/', loading_type='inter_patient', seed=1111, device='cuda:0')
2025-04-07 21:04:43:INFO:The model has 3.846M trainable parameters
2025-04-07 21:05:16:INFO:Start running resnet18...
2025-04-07 21:05:16:INFO:Namespace(modelName='resnet18', datasetName='amigos', num_workers=0, model_save_dir='results/checkpoint', res_save_dir='results/results/', data_path='/home/young/DL/ECG_sentiment_benchmark/data/', loading_type='inter_patient', seed=2222, device='cuda:0')
2025-04-07 21:05:22:INFO:The model has 3.846M trainable parameters
2025-04-07 21:06:40:INFO:Start running resnet18...
2025-04-07 21:06:40:INFO:Namespace(modelName='resnet18', datasetName='amigos', num_workers=0, model_save_dir='results/checkpoint', res_save_dir='results/results/', data_path='/home/young/DL/ECG_sentiment_benchmark/data/', loading_type='inter_patient', seed=1111, device='cuda:0')
2025-04-07 21:06:46:INFO:The model has 3.846M trainable parameters
2025-04-07 21:07:19:INFO:Start running resnet18...
2025-04-07 21:07:19:INFO:Namespace(modelName='resnet18', datasetName='amigos', num_workers=0, model_save_dir='results/checkpoint', res_save_dir='results/results/', data_path='/home/young/DL/ECG_sentiment_benchmark/data/', loading_type='inter_patient', seed=2222, device='cuda:0')
2025-04-07 21:07:24:INFO:The model has 3.846M trainable parameters
2025-04-07 21:08:08:INFO:Start running resnet18...
2025-04-07 21:08:08:INFO:Start running resnet18...
2025-04-07 21:08:08:INFO:Namespace(modelName='resnet18', datasetName='amigos', num_workers=0, model_save_dir='results/checkpoint', res_save_dir='results/results/', data_path='/home/young/DL/ECG_sentiment_benchmark/data/', loading_type='inter_patient', seed=3333, device='cuda:0')
2025-04-07 21:08:08:INFO:Namespace(modelName='resnet18', datasetName='amigos', num_workers=0, model_save_dir='results/checkpoint', res_save_dir='results/results/', data_path='/home/young/DL/ECG_sentiment_benchmark/data/', loading_type='inter_patient', seed=3333, device='cuda:0')
2025-04-07 21:08:14:INFO:The model has 3.846M trainable parameters
2025-04-07 21:08:14:INFO:The model has 3.846M trainable parameters
2025-04-07 21:08:37:INFO:Start running resnet18...
2025-04-07 21:08:37:INFO:Start running resnet18...
2025-04-07 21:08:37:INFO:Namespace(modelName='resnet18', datasetName='amigos', num_workers=0, model_save_dir='results/checkpoint', res_save_dir='results/results/', data_path='/home/young/DL/ECG_sentiment_benchmark/data/', loading_type='inter_patient', seed=4444, device='cuda:0')
2025-04-07 21:08:37:INFO:Namespace(modelName='resnet18', datasetName='amigos', num_workers=0, model_save_dir='results/checkpoint', res_save_dir='results/results/', data_path='/home/young/DL/ECG_sentiment_benchmark/data/', loading_type='inter_patient', seed=4444, device='cuda:0')
2025-04-07 21:08:43:INFO:The model has 3.846M trainable parameters
2025-04-07 21:08:43:INFO:The model has 3.846M trainable parameters
2025-04-07 21:09:18:INFO:Start running resnet18...
2025-04-07 21:09:18:INFO:Start running resnet18...
2025-04-07 21:09:18:INFO:Namespace(modelName='resnet18', datasetName='amigos', num_workers=0, model_save_dir='results/checkpoint', res_save_dir='results/results/', data_path='/home/young/DL/ECG_sentiment_benchmark/data/', loading_type='inter_patient', seed=5555, device='cuda:0')
2025-04-07 21:09:18:INFO:Namespace(modelName='resnet18', datasetName='amigos', num_workers=0, model_save_dir='results/checkpoint', res_save_dir='results/results/', data_path='/home/young/DL/ECG_sentiment_benchmark/data/', loading_type='inter_patient', seed=5555, device='cuda:0')
2025-04-07 21:09:24:INFO:The model has 3.846M trainable parameters
2025-04-07 21:09:24:INFO:The model has 3.846M trainable parameters
2025-04-07 21:12:23:INFO:Start running resnet18...
2025-04-07 21:12:23:INFO:Namespace(modelName='resnet18', datasetName='amigos', num_workers=0, model_save_dir='results/checkpoint', res_save_dir='results/results/', data_path='/data2/xu/rebuild/data/new_amigos/', loading_type='inter_patient', seed=1111, device='cuda:0')
2025-04-07 21:12:28:INFO:The model has 3.846M trainable parameters
2025-04-07 21:13:46:INFO:Start running resnet18...
2025-04-07 21:13:46:INFO:Namespace(modelName='resnet18', datasetName='amigos', num_workers=0, model_save_dir='results/checkpoint', res_save_dir='results/results/', data_path='/data2/xu/rebuild/data/new_amigos/', loading_type='inter_patient', seed=1111, device='cuda:0')
2025-04-07 21:13:51:INFO:The model has 3.846M trainable parameters
2025-04-07 21:19:13:INFO:Start running seed 1111...
2025-04-07 21:19:13:INFO:Namespace(modelName='resnet18', datasetName='amigos', num_workers=0, model_save_dir='results/checkpoint', res_save_dir='results/results/', data_path='/data2/xu/rebuild/data/new_amigos/', seed=1111, device='cuda:0')
2025-04-07 21:19:36:INFO:Start running seed 1111...
2025-04-07 21:19:36:INFO:Namespace(modelName='resnet18', datasetName='amigos', num_workers=0, model_save_dir='results/checkpoint', res_save_dir='results/results/', data_path='/data2/xu/rebuild/data/new_amigos/', seed=1111, device='cuda:0')
2025-04-07 21:19:43:INFO:The model has 3.846M trainable parameters
2025-04-07 21:20:19:INFO:Start running seed 1111...
2025-04-07 21:20:19:INFO:Namespace(modelName='resnet18', datasetName='amigos', num_workers=0, model_save_dir='results/checkpoint', res_save_dir='results/results/', data_path='/data2/xu/rebuild/data/new_amigos/', seed=1111, device='cuda:0')
2025-04-07 21:20:25:INFO:The model has 3.846M trainable parameters
